<?xml version="1.0" encoding="UTF-8"?>
<!-- Generated by org.testng.reporters.JUnitReportReporter -->
<testsuite hostname="nitikran-5CG5092XHB" failures="0" tests="1" name="popUp.HandleAlert" time="7.093" errors="0" timestamp="2025-07-25T17:43:28 IST" skipped="0">
  <testcase classname="popUp.HandleAlert" name="TestPopups" time="7.093"/>
</testsuite> <!-- popUp.HandleAlert -->
