<?xml version="1.0" encoding="UTF-8"?>
<!-- Generated by org.testng.reporters.JUnitReportReporter -->
<testsuite hostname="nitikran-5CG5092XHB" failures="0" tests="1" name="ApachePoi.Testing" time="0.418" errors="0" timestamp="2025-07-28T12:03:42 IST" skipped="0">
  <testcase classname="ApachePoi.Testing" name="TestPopups" time="0.418"/>
</testsuite> <!-- ApachePoi.Testing -->
