<?xml version="1.0" encoding="UTF-8"?>
<!-- Generated by org.testng.reporters.JUnitReportReporter -->
<testsuite hostname="nitikran-5CG5092XHB" failures="0" tests="1" name="ApachePoi.DDTCaseStudy" time="30.416" errors="0" timestamp="2025-07-28T12:46:32 IST" skipped="0">
  <testcase classname="ApachePoi.DDTCaseStudy" name="locatorsTestingBlog" time="30.416"/>
</testsuite> <!-- ApachePoi.DDTCaseStudy -->
