<?xml version="1.0" encoding="UTF-8"?>
<!-- Generated by org.testng.reporters.JUnitReportReporter -->
<testsuite hostname="nitikran-5CG5092XHB" failures="0" tests="1" name="popUp.PopUp_Selenium" time="10.827" errors="0" timestamp="2025-07-25T16:52:43 IST" skipped="0">
  <testcase classname="popUp.PopUp_Selenium" name="TestPopups" time="10.827"/>
</testsuite> <!-- popUp.PopUp_Selenium -->
