<?xml version="1.0" encoding="UTF-8"?>
<!-- Generated by org.testng.reporters.JUnitReportReporter -->
<testsuite hostname="nitikran-5CG5092XHB" failures="0" tests="1" name="dropDown.CountMonth" time="7.448" errors="0" timestamp="2025-07-25T15:41:41 IST" skipped="0">
  <testcase classname="dropDown.CountMonth" name="DemoTestID" time="7.448"/>
</testsuite> <!-- dropDown.CountMonth -->
