<?xml version="1.0" encoding="UTF-8"?>
<!-- Generated by org.testng.reporters.JUnitReportReporter -->
<testsuite hostname="nitikran-5CG5092XHB" failures="0" tests="1" name="dropDown.DropDown" time="13.845" errors="0" timestamp="2025-07-25T15:31:38 IST" skipped="0">
  <testcase classname="dropDown.DropDown" name="DemoTestID" time="13.845"/>
</testsuite> <!-- dropDown.DropDown -->
