<?xml version="1.0" encoding="UTF-8"?>
<!-- Generated by org.testng.reporters.JUnitReportReporter -->
<testsuite hostname="nitikran-5CG5092XHB" failures="0" tests="1" name="RadioButtons.RadioButton" time="13.071" errors="0" timestamp="2025-07-28T10:25:48 IST" skipped="0">
  <testcase classname="RadioButtons.RadioButton" name="TestPopups" time="13.071"/>
</testsuite> <!-- RadioButtons.RadioButton -->
