<?xml version="1.0" encoding="UTF-8"?>
<!-- Generated by org.testng.reporters.JUnitReportReporter -->
<testsuite hostname="nitikran-5CG5092XHB" failures="0" tests="1" name="SeleniumScrollBY.Scroll" time="11.323" errors="0" timestamp="2025-07-28T14:48:12 IST" skipped="0">
  <testcase classname="SeleniumScrollBY.Scroll" name="Test" time="11.323"/>
</testsuite> <!-- SeleniumScrollBY.Scroll -->
