<?xml version="1.0" encoding="UTF-8"?>
<!-- Generated by org.testng.reporters.JUnitReportReporter -->
<testsuite hostname="nitikran-5CG5092XHB" failures="0" tests="1" name="SeleniumScreenShot.ScreenShot" time="0.460" errors="0" timestamp="2025-07-28T14:25:24 IST" skipped="0">
  <testcase classname="SeleniumScreenShot.ScreenShot" name="locatorsTestingBlog" time="0.460"/>
</testsuite> <!-- SeleniumScreenShot.ScreenShot -->
