<?xml version="1.0" encoding="UTF-8"?>
<!-- Generated by org.testng.reporters.JUnitReportReporter -->
<testsuite hostname="nitikran-5CG5092XHB" failures="0" tests="1" name="locatorsDemo.Demo_ID" time="4.804" errors="0" timestamp="2025-07-25T12:18:24 IST" skipped="0">
  <testcase classname="locatorsDemo.Demo_ID" name="DemoTestID" time="4.804"/>
</testsuite> <!-- locatorsDemo.Demo_ID -->
