<?xml version="1.0" encoding="UTF-8"?>
<!-- Generated by org.testng.reporters.JUnitReportReporter -->
<testsuite hostname="nitikran-5CG5092XHB" failures="0" tests="1" name="RadioButtons.RadioButtonEaseMyTrip" time="5.066" errors="0" timestamp="2025-07-28T10:39:04 IST" skipped="0">
  <testcase classname="RadioButtons.RadioButtonEaseMyTrip" name="TestPopups" time="5.066"/>
</testsuite> <!-- RadioButtons.RadioButtonEaseMyTrip -->
